-------------------------------------------------------------------------------
Test set: TestSuite
-------------------------------------------------------------------------------
Tests run: 2, Failures: 1, Errors: 0, Skipped: 0, Time elapsed: 0.655 s <<< FAILURE! - in TestSuite
DemoTest.m2  Time elapsed: 0.019 s  <<< FAILURE!
java.lang.AssertionError: expected [Rahul] but found [Test]
	at DemoTest.m2(DemoTest.java:16)

